<?xml version="1.0" encoding="UTF-8"?>
<!-- Generated by org.testng.reporters.JUnitReportReporter -->
<testsuite skipped="1" hostname="LAPTOP-2BGIP9DO" name="com.abc.config.StartBrowser" tests="2" failures="0" timestamp="4 Mar 2021 11:26:30 GMT" time="0.003" errors="1">
  <testcase name="beforeClass" time="0.000" classname="com.abc.config.StartBrowser">
    <error type="org.openqa.selenium.SessionNotCreatedException" message="session not created: This version of ChromeDriver only supports Chrome version 89
Current browser version is 88.0.4324.190 with binary path C:\Program Files\Google\Chrome\Application\chrome.exe
Build info: version: &#039;3.141.59&#039;, revision: &#039;e82be7d358&#039;, time: &#039;2018-11-14T08:17:03&#039;
System info: host: &#039;LAPTOP-2BGIP9DO&#039;, ip: &#039;10.0.0.12&#039;, os.name: &#039;Windows 10&#039;, os.arch: &#039;amd64&#039;, os.version: &#039;10.0&#039;, java.version: &#039;1.8.0_281&#039;
Driver info: driver.version: ChromeDriver
remote stacktrace: Backtrace:
	Ordinal0 [0x008FE7D3+124883]
	Ordinal0 [0x008FE7B1+124849]
	GetHandleVerifier [0x00B48688+193832]
	GetHandleVerifier [0x00B63AC5+305509]
	GetHandleVerifier [0x00B6021B+291003]
	GetHandleVerifier [0x00B5E0AC+282444]
	GetHandleVerifier [0x00B84A90+440624]
	GetHandleVerifier [0x00B847FC+439964]
	GetHandleVerifier [0x00B8154B+426987]
	GetHandleVerifier [0x00B64FFD+310941]
	GetHandleVerifier [0x00B65D8E+314414]
	GetHandleVerifier [0x00B65D19+314297]
	GetHandleVerifier [0x00C231EC+1089676]
	GetHandleVerifier [0x00C217C9+1082985]
	GetHandleVerifier [0x00C213A3+1081923]
	GetHandleVerifier [0x00D1D9FD+2115741]
	Ordinal0 [0x00A4B82E+1488942]
	Ordinal0 [0x009E5A7D+1071741]
	Ordinal0 [0x009E559B+1070491]
	Ordinal0 [0x009E54B1+1070257]
	Ordinal0 [0x00A1FF53+1310547]
	BaseThreadInitThunk [0x7646FA29+25]
	RtlGetAppContainerNamedObjectPath [0x77C076B4+228]
	RtlGetAppContainerNamedObjectPath [0x77C07684+180]
">
      <![CDATA[org.openqa.selenium.SessionNotCreatedException: session not created: This version of ChromeDriver only supports Chrome version 89
Current browser version is 88.0.4324.190 with binary path C:\Program Files\Google\Chrome\Application\chrome.exe
Build info: version: '3.141.59', revision: 'e82be7d358', time: '2018-11-14T08:17:03'
System info: host: 'LAPTOP-2BGIP9DO', ip: '10.0.0.12', os.name: 'Windows 10', os.arch: 'amd64', os.version: '10.0', java.version: '1.8.0_281'
Driver info: driver.version: ChromeDriver
remote stacktrace: Backtrace:
	Ordinal0 [0x008FE7D3+124883]
	Ordinal0 [0x008FE7B1+124849]
	GetHandleVerifier [0x00B48688+193832]
	GetHandleVerifier [0x00B63AC5+305509]
	GetHandleVerifier [0x00B6021B+291003]
	GetHandleVerifier [0x00B5E0AC+282444]
	GetHandleVerifier [0x00B84A90+440624]
	GetHandleVerifier [0x00B847FC+439964]
	GetHandleVerifier [0x00B8154B+426987]
	GetHandleVerifier [0x00B64FFD+310941]
	GetHandleVerifier [0x00B65D8E+314414]
	GetHandleVerifier [0x00B65D19+314297]
	GetHandleVerifier [0x00C231EC+1089676]
	GetHandleVerifier [0x00C217C9+1082985]
	GetHandleVerifier [0x00C213A3+1081923]
	GetHandleVerifier [0x00D1D9FD+2115741]
	Ordinal0 [0x00A4B82E+1488942]
	Ordinal0 [0x009E5A7D+1071741]
	Ordinal0 [0x009E559B+1070491]
	Ordinal0 [0x009E54B1+1070257]
	Ordinal0 [0x00A1FF53+1310547]
	BaseThreadInitThunk [0x7646FA29+25]
	RtlGetAppContainerNamedObjectPath [0x77C076B4+228]
	RtlGetAppContainerNamedObjectPath [0x77C07684+180]

	at sun.reflect.NativeConstructorAccessorImpl.newInstance0(Native Method)
	at sun.reflect.NativeConstructorAccessorImpl.newInstance(NativeConstructorAccessorImpl.java:62)
	at sun.reflect.DelegatingConstructorAccessorImpl.newInstance(DelegatingConstructorAccessorImpl.java:45)
	at java.lang.reflect.Constructor.newInstance(Constructor.java:423)
	at org.openqa.selenium.remote.W3CHandshakeResponse.lambda$errorHandler$0(W3CHandshakeResponse.java:62)
	at org.openqa.selenium.remote.HandshakeResponse.lambda$getResponseFunction$0(HandshakeResponse.java:30)
	at org.openqa.selenium.remote.ProtocolHandshake.lambda$createSession$0(ProtocolHandshake.java:126)
	at java.util.stream.ReferencePipeline$3$1.accept(ReferencePipeline.java:193)
	at java.util.Spliterators$ArraySpliterator.tryAdvance(Spliterators.java:958)
	at java.util.stream.ReferencePipeline.forEachWithCancel(ReferencePipeline.java:126)
	at java.util.stream.AbstractPipeline.copyIntoWithCancel(AbstractPipeline.java:499)
	at java.util.stream.AbstractPipeline.copyInto(AbstractPipeline.java:486)
	at java.util.stream.AbstractPipeline.wrapAndCopyInto(AbstractPipeline.java:472)
	at java.util.stream.FindOps$FindOp.evaluateSequential(FindOps.java:152)
	at java.util.stream.AbstractPipeline.evaluate(AbstractPipeline.java:234)
	at java.util.stream.ReferencePipeline.findFirst(ReferencePipeline.java:464)
	at org.openqa.selenium.remote.ProtocolHandshake.createSession(ProtocolHandshake.java:128)
	at org.openqa.selenium.remote.ProtocolHandshake.createSession(ProtocolHandshake.java:74)
	at org.openqa.selenium.remote.HttpCommandExecutor.execute(HttpCommandExecutor.java:136)
	at org.openqa.selenium.remote.service.DriverCommandExecutor.execute(DriverCommandExecutor.java:83)
	at org.openqa.selenium.remote.RemoteWebDriver.execute(RemoteWebDriver.java:552)
	at org.openqa.selenium.remote.RemoteWebDriver.startSession(RemoteWebDriver.java:213)
	at org.openqa.selenium.remote.RemoteWebDriver.<init>(RemoteWebDriver.java:131)
	at org.openqa.selenium.chrome.ChromeDriver.<init>(ChromeDriver.java:181)
	at org.openqa.selenium.chrome.ChromeDriver.<init>(ChromeDriver.java:168)
	at org.openqa.selenium.chrome.ChromeDriver.<init>(ChromeDriver.java:123)
	at com.abc.config.StartBrowser.beforeClass(StartBrowser.java:31)
	at sun.reflect.NativeMethodAccessorImpl.invoke0(Native Method)
	at sun.reflect.NativeMethodAccessorImpl.invoke(NativeMethodAccessorImpl.java:62)
	at sun.reflect.DelegatingMethodAccessorImpl.invoke(DelegatingMethodAccessorImpl.java:43)
	at java.lang.reflect.Method.invoke(Method.java:498)
	at org.testng.internal.MethodInvocationHelper.invokeMethod(MethodInvocationHelper.java:100)
	at org.testng.internal.Invoker.invokeConfigurationMethod(Invoker.java:515)
	at org.testng.internal.Invoker.invokeConfigurations(Invoker.java:216)
	at org.testng.internal.Invoker.invokeConfigurations(Invoker.java:143)
	at org.testng.internal.TestMethodWorker.invokeBeforeClassMethods(TestMethodWorker.java:169)
	at org.testng.internal.TestMethodWorker.run(TestMethodWorker.java:108)
	at org.testng.TestRunner.privateRun(TestRunner.java:753)
	at org.testng.TestRunner.run(TestRunner.java:607)
	at org.testng.SuiteRunner.runTest(SuiteRunner.java:368)
	at org.testng.SuiteRunner.runSequentially(SuiteRunner.java:363)
	at org.testng.SuiteRunner.privateRun(SuiteRunner.java:321)
	at org.testng.SuiteRunner.run(SuiteRunner.java:270)
	at org.testng.SuiteRunnerWorker.runSuite(SuiteRunnerWorker.java:52)
	at org.testng.SuiteRunnerWorker.run(SuiteRunnerWorker.java:86)
	at org.testng.TestNG.runSuitesSequentially(TestNG.java:1284)
	at org.testng.TestNG.runSuitesLocally(TestNG.java:1209)
	at org.testng.TestNG.runSuites(TestNG.java:1124)
	at org.testng.TestNG.run(TestNG.java:1096)
	at org.testng.remote.AbstractRemoteTestNG.run(AbstractRemoteTestNG.java:132)
	at org.testng.remote.RemoteTestNG.initAndRun(RemoteTestNG.java:236)
	at org.testng.remote.RemoteTestNG.main(RemoteTestNG.java:81)
]]>
    </error>
  </testcase> <!-- beforeClass -->
  <testcase name="lunch" time="0.003" classname="com.abc.config.StartBrowser">
    <skipped/>
  </testcase> <!-- lunch -->
</testsuite> <!-- com.abc.config.StartBrowser -->
